[0.2785617470741272, {"M": 200, "N": 1, "dropout": 0.4, "aae_width": 100, "aae_depth": 0, "aae_activation": "tanh", "lr": 0.01, "beta": -0.3}, {"epoch": 200, "batch_size": 500, "optimizer": "radam", "max_temperature": 5.0, "min_temperature": 0.7, "test_gumbel": false}]
[0.20102457702159882, {"M": 100, "N": 1, "dropout": 0.4, "aae_width": 100, "aae_depth": 0, "aae_activation": "tanh", "lr": 0.1, "beta": 0.3}, {"epoch": 200, "batch_size": 500, "optimizer": "radam", "max_temperature": 5.0, "min_temperature": 0.7, "test_gumbel": false}]
[0.26048136949539186, {"M": 400, "N": 1, "dropout": 0.4, "aae_width": 600, "aae_depth": 0, "aae_activation": "tanh", "lr": 0.1, "beta": -0.1}, {"epoch": 200, "batch_size": 500, "optimizer": "radam", "max_temperature": 5.0, "min_temperature": 0.7, "test_gumbel": false}]
[0.25464465022087096, {"M": 200, "N": 1, "dropout": 0.4, "aae_width": 300, "aae_depth": 0, "aae_activation": "tanh", "lr": 0.001, "beta": 0.3}, {"epoch": 200, "batch_size": 500, "optimizer": "radam", "max_temperature": 5.0, "min_temperature": 0.7, "test_gumbel": false}]
[0.28721983432769777, {"M": 100, "N": 1, "dropout": 0.4, "aae_width": 300, "aae_depth": 0, "aae_activation": "tanh", "lr": 0.01, "beta": -0.3}, {"epoch": 200, "batch_size": 500, "optimizer": "radam", "max_temperature": 5.0, "min_temperature": 0.7, "test_gumbel": false}]
[0.13492024689912796, {"M": 800, "N": 1, "dropout": 0.4, "aae_width": 300, "aae_depth": 0, "aae_activation": "relu", "lr": 0.1, "beta": 0.1}, {"epoch": 200, "batch_size": 500, "optimizer": "radam", "max_temperature": 5.0, "min_temperature": 0.7, "test_gumbel": false}]
[0.32092374563217163, {"M": 800, "N": 1, "dropout": 0.4, "aae_width": 100, "aae_depth": 0, "aae_activation": "relu", "lr": 0.001, "beta": 0.0}, {"epoch": 200, "batch_size": 500, "optimizer": "radam", "max_temperature": 5.0, "min_temperature": 0.7, "test_gumbel": false}]
[0.2310524821281433, {"M": 100, "N": 1, "dropout": 0.4, "aae_width": 300, "aae_depth": 0, "aae_activation": "relu", "lr": 0.1, "beta": -0.3}, {"epoch": 200, "batch_size": 500, "optimizer": "radam", "max_temperature": 5.0, "min_temperature": 0.7, "test_gumbel": false}]
[0.2895747542381287, {"M": 800, "N": 1, "dropout": 0.4, "aae_width": 300, "aae_depth": 0, "aae_activation": "tanh", "lr": 0.01, "beta": -0.3}, {"epoch": 200, "batch_size": 500, "optimizer": "radam", "max_temperature": 5.0, "min_temperature": 0.7, "test_gumbel": false}]
[0.32059786319732664, {"M": 100, "N": 1, "dropout": 0.4, "aae_width": 300, "aae_depth": 0, "aae_activation": "relu", "lr": 0.001, "beta": -0.3}, {"epoch": 200, "batch_size": 500, "optimizer": "radam", "max_temperature": 5.0, "min_temperature": 0.7, "test_gumbel": false}]
[0.0035355400489095246, {"M": 400, "N": 1, "dropout": 0.4, "aae_width": 300, "aae_depth": 1, "aae_activation": "relu", "lr": 0.001, "beta": -0.1}, {"epoch": 200, "batch_size": 500, "optimizer": "radam", "max_temperature": 5.0, "min_temperature": 0.7, "test_gumbel": false}]
[0.32156144380569457, {"M": 800, "N": 1, "dropout": 0.4, "aae_width": 600, "aae_depth": 0, "aae_activation": "tanh", "lr": 0.001, "beta": 0.1}, {"epoch": 200, "batch_size": 500, "optimizer": "radam", "max_temperature": 5.0, "min_temperature": 0.7, "test_gumbel": false}]
[0.286904501914978, {"M": 100, "N": 1, "dropout": 0.4, "aae_width": 100, "aae_depth": 0, "aae_activation": "tanh", "lr": 0.01, "beta": -0.1}, {"epoch": 200, "batch_size": 500, "optimizer": "radam", "max_temperature": 5.0, "min_temperature": 0.7, "test_gumbel": false}]
[0.32315568923950194, {"M": 800, "N": 1, "dropout": 0.4, "aae_width": 100, "aae_depth": 0, "aae_activation": "relu", "lr": 0.001, "beta": -0.3}, {"epoch": 200, "batch_size": 500, "optimizer": "radam", "max_temperature": 5.0, "min_temperature": 0.7, "test_gumbel": false}]
[0.28246172070503234, {"M": 400, "N": 1, "dropout": 0.4, "aae_width": 600, "aae_depth": 0, "aae_activation": "tanh", "lr": 0.01, "beta": 0.0}, {"epoch": 200, "batch_size": 500, "optimizer": "radam", "max_temperature": 5.0, "min_temperature": 0.7, "test_gumbel": false}]
[0.04100940525531769, {"M": 200, "N": 1, "dropout": 0.4, "aae_width": 600, "aae_depth": 1, "aae_activation": "relu", "lr": 0.001, "beta": -0.3}, {"epoch": 200, "batch_size": 500, "optimizer": "radam", "max_temperature": 5.0, "min_temperature": 0.7, "test_gumbel": false}]
[0.10604824125766754, {"M": 100, "N": 1, "dropout": 0.4, "aae_width": 600, "aae_depth": 1, "aae_activation": "tanh", "lr": 0.001, "beta": 0.1}, {"epoch": 200, "batch_size": 500, "optimizer": "radam", "max_temperature": 5.0, "min_temperature": 0.7, "test_gumbel": false}]
[0.2785301208496094, {"M": 1600, "N": 1, "dropout": 0.4, "aae_width": 600, "aae_depth": 0, "aae_activation": "relu", "lr": 0.01, "beta": -0.3}, {"epoch": 200, "batch_size": 500, "optimizer": "radam", "max_temperature": 5.0, "min_temperature": 0.7, "test_gumbel": false}]
[1.0157671681554348e-07, {"M": 800, "N": 1, "dropout": 0.4, "aae_width": 300, "aae_depth": 1, "aae_activation": "tanh", "lr": 0.01, "beta": 0.1}, {"epoch": 200, "batch_size": 500, "optimizer": "radam", "max_temperature": 5.0, "min_temperature": 0.7, "test_gumbel": false}]
[0.0032061497680842877, {"M": 400, "N": 1, "dropout": 0.4, "aae_width": 300, "aae_depth": 1, "aae_activation": "relu", "lr": 0.001, "beta": -0.1}, {"epoch": 200, "batch_size": 500, "optimizer": "radam", "max_temperature": 5.0, "min_temperature": 0.7, "test_gumbel": false}]
[0.008977036364376545, {"M": 400, "N": 1, "dropout": 0.4, "aae_width": 600, "aae_depth": 1, "aae_activation": "relu", "lr": 0.01, "beta": 0.3}, {"epoch": 200, "batch_size": 500, "optimizer": "radam", "max_temperature": 5.0, "min_temperature": 0.7, "test_gumbel": false}]
[0.1109012484550476, {"M": 400, "N": 1, "dropout": 0.4, "aae_width": 100, "aae_depth": 2, "aae_activation": "relu", "lr": 0.1, "beta": 0.0}, {"epoch": 200, "batch_size": 500, "optimizer": "radam", "max_temperature": 5.0, "min_temperature": 0.7, "test_gumbel": false}]
[0.18197805881500245, {"M": 200, "N": 1, "dropout": 0.4, "aae_width": 600, "aae_depth": 1, "aae_activation": "relu", "lr": 0.1, "beta": -0.1}, {"epoch": 200, "batch_size": 500, "optimizer": "radam", "max_temperature": 5.0, "min_temperature": 0.7, "test_gumbel": false}]
[0.2734215259552002, {"M": 200, "N": 1, "dropout": 0.4, "aae_width": 100, "aae_depth": 2, "aae_activation": "tanh", "lr": 0.001, "beta": -0.3}, {"epoch": 200, "batch_size": 500, "optimizer": "radam", "max_temperature": 5.0, "min_temperature": 0.7, "test_gumbel": false}]
[0.04071163907647133, {"M": 100, "N": 1, "dropout": 0.4, "aae_width": 300, "aae_depth": 2, "aae_activation": "relu", "lr": 0.01, "beta": -0.1}, {"epoch": 200, "batch_size": 500, "optimizer": "radam", "max_temperature": 5.0, "min_temperature": 0.7, "test_gumbel": false}]
[1.0157671681554348e-07, {"M": 400, "N": 1, "dropout": 0.4, "aae_width": 100, "aae_depth": 1, "aae_activation": "tanh", "lr": 0.01, "beta": 0.0}, {"epoch": 200, "batch_size": 500, "optimizer": "radam", "max_temperature": 5.0, "min_temperature": 0.7, "test_gumbel": false}]
[0.025949764624238016, {"M": 400, "N": 1, "dropout": 0.4, "aae_width": 300, "aae_depth": 2, "aae_activation": "relu", "lr": 0.01, "beta": -0.1}, {"epoch": 200, "batch_size": 500, "optimizer": "radam", "max_temperature": 5.0, "min_temperature": 0.7, "test_gumbel": false}]
[0.0016013685808900391, {"M": 400, "N": 1, "dropout": 0.4, "aae_width": 300, "aae_depth": 1, "aae_activation": "tanh", "lr": 0.01, "beta": -0.3}, {"epoch": 200, "batch_size": 500, "optimizer": "radam", "max_temperature": 5.0, "min_temperature": 0.7, "test_gumbel": false}]
[0.04776143133640289, {"M": 400, "N": 1, "dropout": 0.4, "aae_width": 300, "aae_depth": 1, "aae_activation": "relu", "lr": 0.1, "beta": 0.1}, {"epoch": 200, "batch_size": 500, "optimizer": "radam", "max_temperature": 5.0, "min_temperature": 0.7, "test_gumbel": false}]
[0.016335134208202363, {"M": 400, "N": 1, "dropout": 0.4, "aae_width": 300, "aae_depth": 2, "aae_activation": "tanh", "lr": 0.001, "beta": 0.0}, {"epoch": 200, "batch_size": 500, "optimizer": "radam", "max_temperature": 5.0, "min_temperature": 0.7, "test_gumbel": false}]
[0.016713721863925456, {"M": 400, "N": 1, "dropout": 0.4, "aae_width": 100, "aae_depth": 1, "aae_activation": "tanh", "lr": 0.001, "beta": -0.1}, {"epoch": 200, "batch_size": 500, "optimizer": "radam", "max_temperature": 5.0, "min_temperature": 0.7, "test_gumbel": false}]
[0.13177043497562407, {"M": 100, "N": 1, "dropout": 0.4, "aae_width": 100, "aae_depth": 2, "aae_activation": "tanh", "lr": 0.001, "beta": 0.0}, {"epoch": 200, "batch_size": 500, "optimizer": "radam", "max_temperature": 5.0, "min_temperature": 0.7, "test_gumbel": false}]
[0.1792515605688095, {"M": 1600, "N": 1, "dropout": 0.4, "aae_width": 300, "aae_depth": 1, "aae_activation": "tanh", "lr": 0.1, "beta": 0.0}, {"epoch": 200, "batch_size": 500, "optimizer": "radam", "max_temperature": 5.0, "min_temperature": 0.7, "test_gumbel": false}]
[0.29073416590690615, {"M": 100, "N": 1, "dropout": 0.4, "aae_width": 600, "aae_depth": 0, "aae_activation": "tanh", "lr": 0.01, "beta": 0.0}, {"epoch": 200, "batch_size": 500, "optimizer": "radam", "max_temperature": 5.0, "min_temperature": 0.7, "test_gumbel": false}]
[0.11446128487586975, {"M": 800, "N": 1, "dropout": 0.4, "aae_width": 100, "aae_depth": 2, "aae_activation": "relu", "lr": 0.1, "beta": 0.1}, {"epoch": 200, "batch_size": 500, "optimizer": "radam", "max_temperature": 5.0, "min_temperature": 0.7, "test_gumbel": false}]
[0.2571312427520752, {"M": 200, "N": 1, "dropout": 0.4, "aae_width": 600, "aae_depth": 0, "aae_activation": "tanh", "lr": 0.1, "beta": 0.0}, {"epoch": 200, "batch_size": 500, "optimizer": "radam", "max_temperature": 5.0, "min_temperature": 0.7, "test_gumbel": false}]
[0.05871471166610718, {"M": 800, "N": 1, "dropout": 0.4, "aae_width": 100, "aae_depth": 2, "aae_activation": "tanh", "lr": 0.001, "beta": 0.0}, {"epoch": 200, "batch_size": 500, "optimizer": "radam", "max_temperature": 5.0, "min_temperature": 0.7, "test_gumbel": false}]
[0.08559631407260895, {"M": 400, "N": 1, "dropout": 0.4, "aae_width": 300, "aae_depth": 2, "aae_activation": "relu", "lr": 0.001, "beta": -0.1}, {"epoch": 200, "batch_size": 500, "optimizer": "radam", "max_temperature": 5.0, "min_temperature": 0.7, "test_gumbel": false}]
[0.32315919995307923, {"M": 800, "N": 1, "dropout": 0.4, "aae_width": 100, "aae_depth": 0, "aae_activation": "tanh", "lr": 0.001, "beta": 0.0}, {"epoch": 200, "batch_size": 500, "optimizer": "radam", "max_temperature": 5.0, "min_temperature": 0.7, "test_gumbel": false}]
[0.08874613344669342, {"M": 100, "N": 1, "dropout": 0.4, "aae_width": 100, "aae_depth": 1, "aae_activation": "relu", "lr": 0.01, "beta": 0.1}, {"epoch": 200, "batch_size": 500, "optimizer": "radam", "max_temperature": 5.0, "min_temperature": 0.7, "test_gumbel": false}]
[0.0471202202141285, {"M": 100, "N": 1, "dropout": 0.4, "aae_width": 600, "aae_depth": 2, "aae_activation": "relu", "lr": 0.01, "beta": -0.3}, {"epoch": 200, "batch_size": 500, "optimizer": "radam", "max_temperature": 5.0, "min_temperature": 0.7, "test_gumbel": false}]
[0.07919476330280303, {"M": 200, "N": 1, "dropout": 0.4, "aae_width": 600, "aae_depth": 2, "aae_activation": "tanh", "lr": 0.01, "beta": 0.3}, {"epoch": 200, "batch_size": 500, "optimizer": "radam", "max_temperature": 5.0, "min_temperature": 0.7, "test_gumbel": false}]
[0.2063641607761383, {"M": 100, "N": 1, "dropout": 0.4, "aae_width": 100, "aae_depth": 0, "aae_activation": "tanh", "lr": 0.1, "beta": 0.3}, {"epoch": 200, "batch_size": 500, "optimizer": "radam", "max_temperature": 5.0, "min_temperature": 0.7, "test_gumbel": false}]
[0.2236908882856369, {"M": 200, "N": 1, "dropout": 0.4, "aae_width": 600, "aae_depth": 1, "aae_activation": "tanh", "lr": 0.1, "beta": -0.3}, {"epoch": 200, "batch_size": 500, "optimizer": "radam", "max_temperature": 5.0, "min_temperature": 0.7, "test_gumbel": false}]
[0.3218732476234436, {"M": 800, "N": 1, "dropout": 0.4, "aae_width": 300, "aae_depth": 0, "aae_activation": "relu", "lr": 0.001, "beta": -0.1}, {"epoch": 200, "batch_size": 500, "optimizer": "radam", "max_temperature": 5.0, "min_temperature": 0.7, "test_gumbel": false}]
[0.0590054452419281, {"M": 400, "N": 1, "dropout": 0.4, "aae_width": 600, "aae_depth": 1, "aae_activation": "relu", "lr": 0.1, "beta": -0.1}, {"epoch": 200, "batch_size": 500, "optimizer": "radam", "max_temperature": 5.0, "min_temperature": 0.7, "test_gumbel": false}]
[0.10393228381872177, {"M": 100, "N": 1, "dropout": 0.4, "aae_width": 100, "aae_depth": 1, "aae_activation": "relu", "lr": 0.1, "beta": 0.1}, {"epoch": 200, "batch_size": 500, "optimizer": "radam", "max_temperature": 5.0, "min_temperature": 0.7, "test_gumbel": false}]
[0.0016083968951306816, {"M": 800, "N": 1, "dropout": 0.4, "aae_width": 300, "aae_depth": 2, "aae_activation": "relu", "lr": 0.01, "beta": 0.1}, {"epoch": 200, "batch_size": 500, "optimizer": "radam", "max_temperature": 5.0, "min_temperature": 0.7, "test_gumbel": false}]
[0.09384418427944183, {"M": 100, "N": 1, "dropout": 0.4, "aae_width": 600, "aae_depth": 2, "aae_activation": "tanh", "lr": 0.001, "beta": 0.1}, {"epoch": 200, "batch_size": 500, "optimizer": "radam", "max_temperature": 5.0, "min_temperature": 0.7, "test_gumbel": false}]
[0.2210698187351227, {"M": 1600, "N": 1, "dropout": 0.4, "aae_width": 600, "aae_depth": 2, "aae_activation": "relu", "lr": 0.1, "beta": 0.0}, {"epoch": 200, "batch_size": 500, "optimizer": "radam", "max_temperature": 5.0, "min_temperature": 0.7, "test_gumbel": false}]
[0.009618245624005794, {"M": 400, "N": 1, "dropout": 0.4, "aae_width": 300, "aae_depth": 1, "aae_activation": "tanh", "lr": 0.001, "beta": -0.1}, {"epoch": 200, "batch_size": 500, "optimizer": "radam", "max_temperature": 5.0, "min_temperature": 0.7, "test_gumbel": false}]
[0.1673417329788208, {"M": 1600, "N": 1, "dropout": 0.4, "aae_width": 300, "aae_depth": 1, "aae_activation": "tanh", "lr": 0.1, "beta": -0.1}, {"epoch": 200, "batch_size": 500, "optimizer": "radam", "max_temperature": 5.0, "min_temperature": 0.7, "test_gumbel": false}]
[1.0157671681554348e-07, {"M": 800, "N": 1, "dropout": 0.4, "aae_width": 300, "aae_depth": 2, "aae_activation": "tanh", "lr": 0.001, "beta": 0.3}, {"epoch": 200, "batch_size": 500, "optimizer": "radam", "max_temperature": 5.0, "min_temperature": 0.7, "test_gumbel": false}]
[0.01440799031406641, {"M": 400, "N": 1, "dropout": 0.4, "aae_width": 300, "aae_depth": 1, "aae_activation": "tanh", "lr": 0.001, "beta": 0.1}, {"epoch": 200, "batch_size": 500, "optimizer": "radam", "max_temperature": 5.0, "min_temperature": 0.7, "test_gumbel": false}]
[0.006100378558039665, {"M": 400, "N": 1, "dropout": 0.4, "aae_width": 300, "aae_depth": 1, "aae_activation": "tanh", "lr": 0.001, "beta": -0.1}, {"epoch": 200, "batch_size": 500, "optimizer": "radam", "max_temperature": 5.0, "min_temperature": 0.7, "test_gumbel": false}]
[0.0038508736761286855, {"M": 400, "N": 1, "dropout": 0.4, "aae_width": 300, "aae_depth": 1, "aae_activation": "tanh", "lr": 0.01, "beta": 0.0}, {"epoch": 200, "batch_size": 500, "optimizer": "radam", "max_temperature": 5.0, "min_temperature": 0.7, "test_gumbel": false}]
[0.013139627128839492, {"M": 400, "N": 1, "dropout": 0.4, "aae_width": 300, "aae_depth": 1, "aae_activation": "tanh", "lr": 0.001, "beta": -0.1}, {"epoch": 200, "batch_size": 500, "optimizer": "radam", "max_temperature": 5.0, "min_temperature": 0.7, "test_gumbel": false}]
[0.000963673043321478, {"M": 400, "N": 1, "dropout": 0.4, "aae_width": 300, "aae_depth": 1, "aae_activation": "tanh", "lr": 0.01, "beta": 0.0}, {"epoch": 200, "batch_size": 500, "optimizer": "radam", "max_temperature": 5.0, "min_temperature": 0.7, "test_gumbel": false}]
[0.0006448253866608411, {"M": 800, "N": 1, "dropout": 0.4, "aae_width": 100, "aae_depth": 1, "aae_activation": "tanh", "lr": 0.01, "beta": 0.1}, {"epoch": 200, "batch_size": 500, "optimizer": "radam", "max_temperature": 5.0, "min_temperature": 0.7, "test_gumbel": false}]
[0.0012825208127821952, {"M": 800, "N": 1, "dropout": 0.4, "aae_width": 100, "aae_depth": 1, "aae_activation": "tanh", "lr": 0.01, "beta": 0.0}, {"epoch": 200, "batch_size": 500, "optimizer": "radam", "max_temperature": 5.0, "min_temperature": 0.7, "test_gumbel": false}]
[1.0157671681554348e-07, {"M": 800, "N": 1, "dropout": 0.4, "aae_width": 300, "aae_depth": 1, "aae_activation": "tanh", "lr": 0.01, "beta": 0.0}, {"epoch": 200, "batch_size": 500, "optimizer": "radam", "max_temperature": 5.0, "min_temperature": 0.7, "test_gumbel": false}]
[0.3206048846244812, {"M": 800, "N": 1, "dropout": 0.4, "aae_width": 300, "aae_depth": 2, "aae_activation": "tanh", "lr": 0.1, "beta": -0.1}, {"epoch": 200, "batch_size": 500, "optimizer": "radam", "max_temperature": 5.0, "min_temperature": 0.7, "test_gumbel": false}]
[0.0006413111512870273, {"M": 400, "N": 1, "dropout": 0.4, "aae_width": 300, "aae_depth": 1, "aae_activation": "tanh", "lr": 0.01, "beta": 0.1}, {"epoch": 200, "batch_size": 500, "optimizer": "radam", "max_temperature": 5.0, "min_temperature": 0.7, "test_gumbel": false}]
[0.00031894922840933757, {"M": 800, "N": 1, "dropout": 0.4, "aae_width": 300, "aae_depth": 1, "aae_activation": "tanh", "lr": 0.01, "beta": -0.1}, {"epoch": 200, "batch_size": 500, "optimizer": "radam", "max_temperature": 5.0, "min_temperature": 0.7, "test_gumbel": false}]
[0.00031894923824324903, {"M": 400, "N": 1, "dropout": 0.4, "aae_width": 100, "aae_depth": 1, "aae_activation": "tanh", "lr": 0.01, "beta": 0.1}, {"epoch": 200, "batch_size": 500, "optimizer": "radam", "max_temperature": 5.0, "min_temperature": 0.7, "test_gumbel": false}]
[0.0003224634442801744, {"M": 800, "N": 1, "dropout": 0.4, "aae_width": 600, "aae_depth": 1, "aae_activation": "relu", "lr": 0.001, "beta": -0.3}, {"epoch": 200, "batch_size": 500, "optimizer": "radam", "max_temperature": 5.0, "min_temperature": 0.7, "test_gumbel": false}]
[1.0157671681554348e-07, {"M": 800, "N": 1, "dropout": 0.4, "aae_width": 300, "aae_depth": 1, "aae_activation": "tanh", "lr": 0.01, "beta": 0.0}, {"epoch": 200, "batch_size": 500, "optimizer": "radam", "max_temperature": 5.0, "min_temperature": 0.7, "test_gumbel": false}]
[0.11639194041490555, {"M": 100, "N": 1, "dropout": 0.4, "aae_width": 100, "aae_depth": 2, "aae_activation": "tanh", "lr": 0.01, "beta": 0.1}, {"epoch": 200, "batch_size": 500, "optimizer": "radam", "max_temperature": 5.0, "min_temperature": 0.7, "test_gumbel": false}]
[0.0006413111806239158, {"M": 800, "N": 1, "dropout": 0.4, "aae_width": 300, "aae_depth": 1, "aae_activation": "tanh", "lr": 0.01, "beta": 0.0}, {"epoch": 200, "batch_size": 500, "optimizer": "radam", "max_temperature": 5.0, "min_temperature": 0.7, "test_gumbel": false}]
[0.0016083968532655036, {"M": 400, "N": 1, "dropout": 0.4, "aae_width": 100, "aae_depth": 1, "aae_activation": "tanh", "lr": 0.01, "beta": 0.1}, {"epoch": 200, "batch_size": 500, "optimizer": "radam", "max_temperature": 5.0, "min_temperature": 0.7, "test_gumbel": false}]
[0.0006413110959726965, {"M": 800, "N": 1, "dropout": 0.4, "aae_width": 300, "aae_depth": 1, "aae_activation": "tanh", "lr": 0.01, "beta": 0.0}, {"epoch": 200, "batch_size": 500, "optimizer": "radam", "max_temperature": 5.0, "min_temperature": 0.7, "test_gumbel": false}]
[0.3251531183719635, {"M": 100, "N": 1, "dropout": 0.4, "aae_width": 600, "aae_depth": 2, "aae_activation": "tanh", "lr": 0.1, "beta": 0.3}, {"epoch": 200, "batch_size": 500, "optimizer": "radam", "max_temperature": 5.0, "min_temperature": 0.7, "test_gumbel": false}]
[1.0157671681554348e-07, {"M": 800, "N": 1, "dropout": 0.4, "aae_width": 100, "aae_depth": 1, "aae_activation": "tanh", "lr": 0.01, "beta": 0.1}, {"epoch": 200, "batch_size": 500, "optimizer": "radam", "max_temperature": 5.0, "min_temperature": 0.7, "test_gumbel": false}]
[1.0157671681554348e-07, {"M": 800, "N": 1, "dropout": 0.4, "aae_width": 100, "aae_depth": 1, "aae_activation": "tanh", "lr": 0.01, "beta": 0.1}, {"epoch": 200, "batch_size": 500, "optimizer": "radam", "max_temperature": 5.0, "min_temperature": 0.7, "test_gumbel": false}]
[1.0157671681554348e-07, {"M": 800, "N": 1, "dropout": 0.4, "aae_width": 100, "aae_depth": 1, "aae_activation": "tanh", "lr": 0.01, "beta": 0.0}, {"epoch": 200, "batch_size": 500, "optimizer": "radam", "max_temperature": 5.0, "min_temperature": 0.7, "test_gumbel": false}]
[1.0157671681554348e-07, {"M": 800, "N": 1, "dropout": 0.4, "aae_width": 300, "aae_depth": 1, "aae_activation": "tanh", "lr": 0.01, "beta": 0.0}, {"epoch": 200, "batch_size": 500, "optimizer": "radam", "max_temperature": 5.0, "min_temperature": 0.7, "test_gumbel": false}]
[1.0157671681554348e-07, {"M": 800, "N": 1, "dropout": 0.4, "aae_width": 100, "aae_depth": 1, "aae_activation": "tanh", "lr": 0.01, "beta": 0.1}, {"epoch": 200, "batch_size": 500, "optimizer": "radam", "max_temperature": 5.0, "min_temperature": 0.7, "test_gumbel": false}]
[1.0157671681554348e-07, {"M": 400, "N": 1, "dropout": 0.4, "aae_width": 300, "aae_depth": 1, "aae_activation": "tanh", "lr": 0.01, "beta": 0.0}, {"epoch": 200, "batch_size": 500, "optimizer": "radam", "max_temperature": 5.0, "min_temperature": 0.7, "test_gumbel": false}]
[0.0028873020046773943, {"M": 400, "N": 1, "dropout": 0.4, "aae_width": 300, "aae_depth": 1, "aae_activation": "tanh", "lr": 0.01, "beta": 0.0}, {"epoch": 200, "batch_size": 500, "optimizer": "radam", "max_temperature": 5.0, "min_temperature": 0.7, "test_gumbel": false}]
[0.0022390637741807494, {"M": 400, "N": 1, "dropout": 0.4, "aae_width": 100, "aae_depth": 1, "aae_activation": "tanh", "lr": 0.01, "beta": 0.1}, {"epoch": 200, "batch_size": 500, "optimizer": "radam", "max_temperature": 5.0, "min_temperature": 0.7, "test_gumbel": false}]
[0.001597854370152163, {"M": 800, "N": 1, "dropout": 0.4, "aae_width": 300, "aae_depth": 1, "aae_activation": "tanh", "lr": 0.01, "beta": 0.0}, {"epoch": 200, "batch_size": 500, "optimizer": "radam", "max_temperature": 5.0, "min_temperature": 0.7, "test_gumbel": false}]
[0.0012790065491572022, {"M": 400, "N": 1, "dropout": 0.4, "aae_width": 300, "aae_depth": 1, "aae_activation": "tanh", "lr": 0.01, "beta": 0.1}, {"epoch": 200, "batch_size": 500, "optimizer": "radam", "max_temperature": 5.0, "min_temperature": 0.7, "test_gumbel": false}]
[0.0016048827258259735, {"M": 400, "N": 1, "dropout": 0.4, "aae_width": 300, "aae_depth": 1, "aae_activation": "tanh", "lr": 0.01, "beta": 0.0}, {"epoch": 200, "batch_size": 500, "optimizer": "radam", "max_temperature": 5.0, "min_temperature": 0.7, "test_gumbel": false}]
[0.0019307587490800416, {"M": 400, "N": 1, "dropout": 0.4, "aae_width": 100, "aae_depth": 1, "aae_activation": "tanh", "lr": 0.01, "beta": 0.1}, {"epoch": 200, "batch_size": 500, "optimizer": "radam", "max_temperature": 5.0, "min_temperature": 0.7, "test_gumbel": false}]
[1.0157671681554348e-07, {"M": 800, "N": 1, "dropout": 0.4, "aae_width": 100, "aae_depth": 1, "aae_activation": "tanh", "lr": 0.01, "beta": 0.0}, {"epoch": 200, "batch_size": 500, "optimizer": "radam", "max_temperature": 5.0, "min_temperature": 0.7, "test_gumbel": false}]
[1.0157671681554348e-07, {"M": 800, "N": 1, "dropout": 0.4, "aae_width": 100, "aae_depth": 1, "aae_activation": "tanh", "lr": 0.01, "beta": 0.0}, {"epoch": 200, "batch_size": 500, "optimizer": "radam", "max_temperature": 5.0, "min_temperature": 0.7, "test_gumbel": false}]
[1.0157671681554348e-07, {"M": 800, "N": 1, "dropout": 0.4, "aae_width": 100, "aae_depth": 1, "aae_activation": "tanh", "lr": 0.01, "beta": 0.1}, {"epoch": 200, "batch_size": 500, "optimizer": "radam", "max_temperature": 5.0, "min_temperature": 0.7, "test_gumbel": false}]
[0.000322463504295456, {"M": 400, "N": 1, "dropout": 0.4, "aae_width": 100, "aae_depth": 1, "aae_activation": "tanh", "lr": 0.01, "beta": 0.1}, {"epoch": 200, "batch_size": 500, "optimizer": "radam", "max_temperature": 5.0, "min_temperature": 0.7, "test_gumbel": false}]
[0.0009601588128134609, {"M": 400, "N": 1, "dropout": 0.4, "aae_width": 300, "aae_depth": 1, "aae_activation": "tanh", "lr": 0.01, "beta": 0.0}, {"epoch": 200, "batch_size": 500, "optimizer": "radam", "max_temperature": 5.0, "min_temperature": 0.7, "test_gumbel": false}]
[0.0009636731082025563, {"M": 800, "N": 1, "dropout": 0.4, "aae_width": 300, "aae_depth": 1, "aae_activation": "tanh", "lr": 0.01, "beta": 0.0}, {"epoch": 200, "batch_size": 500, "optimizer": "radam", "max_temperature": 5.0, "min_temperature": 0.7, "test_gumbel": false}]
[1.0157671681554348e-07, {"M": 800, "N": 1, "dropout": 0.4, "aae_width": 100, "aae_depth": 1, "aae_activation": "tanh", "lr": 0.01, "beta": 0.0}, {"epoch": 200, "batch_size": 500, "optimizer": "radam", "max_temperature": 5.0, "min_temperature": 0.7, "test_gumbel": false}]
[0.0009636731082025563, {"M": 800, "N": 1, "dropout": 0.4, "aae_width": 300, "aae_depth": 1, "aae_activation": "tanh", "lr": 0.01, "beta": 0.0}, {"epoch": 200, "batch_size": 500, "optimizer": "radam", "max_temperature": 5.0, "min_temperature": 0.7, "test_gumbel": false}]
[0.0006377969783670778, {"M": 800, "N": 1, "dropout": 0.4, "aae_width": 300, "aae_depth": 1, "aae_activation": "tanh", "lr": 0.001, "beta": 0.3}, {"epoch": 200, "batch_size": 500, "optimizer": "radam", "max_temperature": 5.0, "min_temperature": 0.7, "test_gumbel": false}]
[0.0025684542953968046, {"M": 800, "N": 1, "dropout": 0.4, "aae_width": 300, "aae_depth": 1, "aae_activation": "tanh", "lr": 0.001, "beta": 0.3}, {"epoch": 200, "batch_size": 500, "optimizer": "radam", "max_temperature": 5.0, "min_temperature": 0.7, "test_gumbel": false}]
[0.0006413111192557607, {"M": 800, "N": 1, "dropout": 0.4, "aae_width": 300, "aae_depth": 1, "aae_activation": "tanh", "lr": 0.01, "beta": 0.3}, {"epoch": 200, "batch_size": 500, "optimizer": "radam", "max_temperature": 5.0, "min_temperature": 0.7, "test_gumbel": false}]
[0.0009636731035016055, {"M": 800, "N": 1, "dropout": 0.4, "aae_width": 300, "aae_depth": 1, "aae_activation": "tanh", "lr": 0.001, "beta": 0.3}, {"epoch": 200, "batch_size": 500, "optimizer": "radam", "max_temperature": 5.0, "min_temperature": 0.7, "test_gumbel": false}]
[0.00031894922840933757, {"M": 800, "N": 1, "dropout": 0.4, "aae_width": 300, "aae_depth": 1, "aae_activation": "tanh", "lr": 0.001, "beta": 0.3}, {"epoch": 200, "batch_size": 500, "optimizer": "radam", "max_temperature": 5.0, "min_temperature": 0.7, "test_gumbel": false}]
[0.0009601588276154871, {"M": 800, "N": 1, "dropout": 0.4, "aae_width": 300, "aae_depth": 1, "aae_activation": "tanh", "lr": 0.001, "beta": 0.1}, {"epoch": 200, "batch_size": 500, "optimizer": "radam", "max_temperature": 5.0, "min_temperature": 0.7, "test_gumbel": false}]
[0.0016119111757177506, {"M": 800, "N": 1, "dropout": 0.4, "aae_width": 300, "aae_depth": 1, "aae_activation": "tanh", "lr": 0.001, "beta": 0.3}, {"epoch": 200, "batch_size": 500, "optimizer": "radam", "max_temperature": 5.0, "min_temperature": 0.7, "test_gumbel": false}]
[0.03431360125541687, {"M": 400, "N": 1, "dropout": 0.4, "aae_width": 300, "aae_depth": 1, "aae_activation": "tanh", "lr": 0.001, "beta": 0.3}, {"epoch": 200, "batch_size": 500, "optimizer": "radam", "max_temperature": 5.0, "min_temperature": 0.7, "test_gumbel": false}]
[0.008991093188524247, {"M": 800, "N": 1, "dropout": 0.4, "aae_width": 300, "aae_depth": 2, "aae_activation": "tanh", "lr": 0.001, "beta": 0.0}, {"epoch": 200, "batch_size": 500, "optimizer": "radam", "max_temperature": 5.0, "min_temperature": 0.7, "test_gumbel": false}]
[0.0003224634442801744, {"M": 800, "N": 1, "dropout": 0.4, "aae_width": 300, "aae_depth": 1, "aae_activation": "tanh", "lr": 0.01, "beta": 0.3}, {"epoch": 200, "batch_size": 500, "optimizer": "radam", "max_temperature": 5.0, "min_temperature": 0.7, "test_gumbel": false}]
[1.0157671681554348e-07, {"M": 800, "N": 1, "dropout": 0.4, "aae_width": 300, "aae_depth": 2, "aae_activation": "tanh", "lr": 0.01, "beta": 0.1}, {"epoch": 200, "batch_size": 500, "optimizer": "radam", "max_temperature": 5.0, "min_temperature": 0.7, "test_gumbel": false}]
[0.0012825206815648472, {"M": 800, "N": 1, "dropout": 0.4, "aae_width": 300, "aae_depth": 2, "aae_activation": "tanh", "lr": 0.01, "beta": 0.0}, {"epoch": 200, "batch_size": 500, "optimizer": "radam", "max_temperature": 5.0, "min_temperature": 0.7, "test_gumbel": false}]
[0.001916702013363647, {"M": 800, "N": 1, "dropout": 0.4, "aae_width": 300, "aae_depth": 1, "aae_activation": "tanh", "lr": 0.001, "beta": 0.3}, {"epoch": 200, "batch_size": 500, "optimizer": "radam", "max_temperature": 5.0, "min_temperature": 0.7, "test_gumbel": false}]
[0.02212710529565811, {"M": 800, "N": 1, "dropout": 0.4, "aae_width": 100, "aae_depth": 2, "aae_activation": "tanh", "lr": 0.01, "beta": 0.0}, {"epoch": 200, "batch_size": 500, "optimizer": "radam", "max_temperature": 5.0, "min_temperature": 0.7, "test_gumbel": false}]
[0.0009671873608056103, {"M": 800, "N": 1, "dropout": 0.4, "aae_width": 300, "aae_depth": 1, "aae_activation": "tanh", "lr": 0.001, "beta": 0.3}, {"epoch": 200, "batch_size": 500, "optimizer": "radam", "max_temperature": 5.0, "min_temperature": 0.7, "test_gumbel": false}]
[1.0157671681554348e-07, {"M": 800, "N": 1, "dropout": 0.4, "aae_width": 300, "aae_depth": 1, "aae_activation": "tanh", "lr": 0.01, "beta": 0.3}, {"epoch": 200, "batch_size": 500, "optimizer": "radam", "max_temperature": 5.0, "min_temperature": 0.7, "test_gumbel": false}]
[1.0157671681554348e-07, {"M": 800, "N": 1, "dropout": 0.4, "aae_width": 300, "aae_depth": 2, "aae_activation": "tanh", "lr": 0.01, "beta": 0.3}, {"epoch": 200, "batch_size": 500, "optimizer": "radam", "max_temperature": 5.0, "min_temperature": 0.7, "test_gumbel": false}]
[0.002894330397248268, {"M": 800, "N": 1, "dropout": 0.4, "aae_width": 300, "aae_depth": 2, "aae_activation": "tanh", "lr": 0.001, "beta": 0.0}, {"epoch": 200, "batch_size": 500, "optimizer": "radam", "max_temperature": 5.0, "min_temperature": 0.7, "test_gumbel": false}]
[0.008356911595910788, {"M": 800, "N": 1, "dropout": 0.4, "aae_width": 300, "aae_depth": 2, "aae_activation": "tanh", "lr": 0.01, "beta": 0.3}, {"epoch": 200, "batch_size": 500, "optimizer": "radam", "max_temperature": 5.0, "min_temperature": 0.7, "test_gumbel": false}]
[1.0157671681554348e-07, {"M": 800, "N": 1, "dropout": 0.4, "aae_width": 300, "aae_depth": 2, "aae_activation": "tanh", "lr": 0.001, "beta": 0.1}, {"epoch": 200, "batch_size": 500, "optimizer": "radam", "max_temperature": 5.0, "min_temperature": 0.7, "test_gumbel": false}]
