[0.1546044707298279, {"M": 100, "N": 1, "dropout": 0.4, "aae_width": 100, "aae_depth": 0, "aae_activation": "relu", "lr": 0.1, "beta": -0.3}, {"epoch": 200, "batch_size": 500, "optimizer": "radam", "max_temperature": 5.0, "min_temperature": 0.7, "test_gumbel": false}]
[0.11014055907726288, {"M": 400, "N": 1, "dropout": 0.4, "aae_width": 300, "aae_depth": 0, "aae_activation": "relu", "lr": 0.1, "beta": 0.1}, {"epoch": 200, "batch_size": 500, "optimizer": "radam", "max_temperature": 5.0, "min_temperature": 0.7, "test_gumbel": false}]
[0.31996718645095823, {"M": 800, "N": 1, "dropout": 0.4, "aae_width": 600, "aae_depth": 2, "aae_activation": "tanh", "lr": 0.1, "beta": -0.3}, {"epoch": 200, "batch_size": 500, "optimizer": "radam", "max_temperature": 5.0, "min_temperature": 0.7, "test_gumbel": false}]
[0.1619178146123886, {"M": 400, "N": 1, "dropout": 0.4, "aae_width": 300, "aae_depth": 1, "aae_activation": "tanh", "lr": 0.1, "beta": 0.3}, {"epoch": 200, "batch_size": 500, "optimizer": "radam", "max_temperature": 5.0, "min_temperature": 0.7, "test_gumbel": false}]
[0.00032246345772932725, {"M": 1600, "N": 1, "dropout": 0.4, "aae_width": 600, "aae_depth": 1, "aae_activation": "relu", "lr": 0.01, "beta": -0.1}, {"epoch": 200, "batch_size": 500, "optimizer": "radam", "max_temperature": 5.0, "min_temperature": 0.7, "test_gumbel": false}]
[0.057123982906341554, {"M": 200, "N": 1, "dropout": 0.4, "aae_width": 300, "aae_depth": 1, "aae_activation": "tanh", "lr": 0.001, "beta": -0.1}, {"epoch": 200, "batch_size": 500, "optimizer": "radam", "max_temperature": 5.0, "min_temperature": 0.7, "test_gumbel": false}]
[0.12976246178150178, {"M": 800, "N": 1, "dropout": 0.4, "aae_width": 100, "aae_depth": 0, "aae_activation": "tanh", "lr": 0.1, "beta": 0.3}, {"epoch": 200, "batch_size": 500, "optimizer": "radam", "max_temperature": 5.0, "min_temperature": 0.7, "test_gumbel": false}]
[0.12247816026210785, {"M": 1600, "N": 1, "dropout": 0.4, "aae_width": 600, "aae_depth": 1, "aae_activation": "relu", "lr": 0.1, "beta": -0.3}, {"epoch": 200, "batch_size": 500, "optimizer": "radam", "max_temperature": 5.0, "min_temperature": 0.7, "test_gumbel": false}]
[0.04776142984628677, {"M": 800, "N": 1, "dropout": 0.4, "aae_width": 600, "aae_depth": 2, "aae_activation": "relu", "lr": 0.001, "beta": -0.1}, {"epoch": 200, "batch_size": 500, "optimizer": "radam", "max_temperature": 5.0, "min_temperature": 0.7, "test_gumbel": false}]
[0.2542826771736145, {"M": 200, "N": 1, "dropout": 0.4, "aae_width": 300, "aae_depth": 0, "aae_activation": "relu", "lr": 0.001, "beta": -0.1}, {"epoch": 200, "batch_size": 500, "optimizer": "radam", "max_temperature": 5.0, "min_temperature": 0.7, "test_gumbel": false}]
[0.17344904839992523, {"M": 100, "N": 1, "dropout": 0.4, "aae_width": 300, "aae_depth": 1, "aae_activation": "relu", "lr": 0.001, "beta": 0.1}, {"epoch": 200, "batch_size": 500, "optimizer": "radam", "max_temperature": 5.0, "min_temperature": 0.7, "test_gumbel": false}]
[0.3206048846244812, {"M": 100, "N": 1, "dropout": 0.4, "aae_width": 100, "aae_depth": 0, "aae_activation": "tanh", "lr": 0.001, "beta": -0.3}, {"epoch": 200, "batch_size": 500, "optimizer": "radam", "max_temperature": 5.0, "min_temperature": 0.7, "test_gumbel": false}]
[0.08398801535367965, {"M": 400, "N": 1, "dropout": 0.4, "aae_width": 600, "aae_depth": 2, "aae_activation": "relu", "lr": 0.001, "beta": 0.0}, {"epoch": 200, "batch_size": 500, "optimizer": "radam", "max_temperature": 5.0, "min_temperature": 0.7, "test_gumbel": false}]
[0.12979409098625183, {"M": 400, "N": 1, "dropout": 0.4, "aae_width": 600, "aae_depth": 0, "aae_activation": "tanh", "lr": 0.1, "beta": 0.1}, {"epoch": 200, "batch_size": 500, "optimizer": "radam", "max_temperature": 5.0, "min_temperature": 0.7, "test_gumbel": false}]
[0.190404212474823, {"M": 400, "N": 1, "dropout": 0.4, "aae_width": 300, "aae_depth": 1, "aae_activation": "tanh", "lr": 0.1, "beta": 0.3}, {"epoch": 200, "batch_size": 500, "optimizer": "radam", "max_temperature": 5.0, "min_temperature": 0.7, "test_gumbel": false}]
[0.11091529726982116, {"M": 100, "N": 1, "dropout": 0.4, "aae_width": 100, "aae_depth": 2, "aae_activation": "tanh", "lr": 0.01, "beta": -0.1}, {"epoch": 200, "batch_size": 500, "optimizer": "radam", "max_temperature": 5.0, "min_temperature": 0.7, "test_gumbel": false}]
[0.24852585792541504, {"M": 200, "N": 1, "dropout": 0.4, "aae_width": 300, "aae_depth": 0, "aae_activation": "relu", "lr": 0.001, "beta": 0.0}, {"epoch": 200, "batch_size": 500, "optimizer": "radam", "max_temperature": 5.0, "min_temperature": 0.7, "test_gumbel": false}]
[0.3206048846244812, {"M": 800, "N": 1, "dropout": 0.4, "aae_width": 600, "aae_depth": 2, "aae_activation": "tanh", "lr": 0.1, "beta": 0.1}, {"epoch": 200, "batch_size": 500, "optimizer": "radam", "max_temperature": 5.0, "min_temperature": 0.7, "test_gumbel": false}]
[0.1457505226135254, {"M": 100, "N": 1, "dropout": 0.4, "aae_width": 100, "aae_depth": 0, "aae_activation": "relu", "lr": 0.1, "beta": 0.0}, {"epoch": 200, "batch_size": 500, "optimizer": "radam", "max_temperature": 5.0, "min_temperature": 0.7, "test_gumbel": false}]
[0.0003224634908463031, {"M": 400, "N": 1, "dropout": 0.4, "aae_width": 600, "aae_depth": 1, "aae_activation": "tanh", "lr": 0.01, "beta": 0.1}, {"epoch": 200, "batch_size": 500, "optimizer": "radam", "max_temperature": 5.0, "min_temperature": 0.7, "test_gumbel": false}]
[0.046822458133101465, {"M": 200, "N": 1, "dropout": 0.4, "aae_width": 600, "aae_depth": 1, "aae_activation": "tanh", "lr": 0.01, "beta": 0.3}, {"epoch": 200, "batch_size": 500, "optimizer": "radam", "max_temperature": 5.0, "min_temperature": 0.7, "test_gumbel": false}]
[0.10411759167909622, {"M": 800, "N": 1, "dropout": 0.4, "aae_width": 100, "aae_depth": 0, "aae_activation": "relu", "lr": 0.1, "beta": -0.1}, {"epoch": 200, "batch_size": 500, "optimizer": "radam", "max_temperature": 5.0, "min_temperature": 0.7, "test_gumbel": false}]
[0.15752072036266326, {"M": 200, "N": 1, "dropout": 0.4, "aae_width": 100, "aae_depth": 2, "aae_activation": "relu", "lr": 0.01, "beta": 0.3}, {"epoch": 200, "batch_size": 500, "optimizer": "radam", "max_temperature": 5.0, "min_temperature": 0.7, "test_gumbel": false}]
[0.16961585879325866, {"M": 800, "N": 1, "dropout": 0.4, "aae_width": 100, "aae_depth": 2, "aae_activation": "relu", "lr": 0.1, "beta": 0.3}, {"epoch": 200, "batch_size": 500, "optimizer": "radam", "max_temperature": 5.0, "min_temperature": 0.7, "test_gumbel": false}]
[0.013794893771409989, {"M": 400, "N": 1, "dropout": 0.4, "aae_width": 600, "aae_depth": 1, "aae_activation": "relu", "lr": 0.01, "beta": 0.1}, {"epoch": 200, "batch_size": 500, "optimizer": "radam", "max_temperature": 5.0, "min_temperature": 0.7, "test_gumbel": false}]
[0.012207682663574814, {"M": 400, "N": 1, "dropout": 0.4, "aae_width": 600, "aae_depth": 1, "aae_activation": "relu", "lr": 0.01, "beta": 0.1}, {"epoch": 200, "batch_size": 500, "optimizer": "radam", "max_temperature": 5.0, "min_temperature": 0.7, "test_gumbel": false}]
[0.0060968643985688685, {"M": 400, "N": 1, "dropout": 0.4, "aae_width": 600, "aae_depth": 1, "aae_activation": "relu", "lr": 0.01, "beta": 0.1}, {"epoch": 200, "batch_size": 500, "optimizer": "radam", "max_temperature": 5.0, "min_temperature": 0.7, "test_gumbel": false}]
[0.0006413110959726965, {"M": 1600, "N": 1, "dropout": 0.4, "aae_width": 600, "aae_depth": 1, "aae_activation": "relu", "lr": 0.01, "beta": 0.1}, {"epoch": 200, "batch_size": 500, "optimizer": "radam", "max_temperature": 5.0, "min_temperature": 0.7, "test_gumbel": false}]
[0.0009636731364537354, {"M": 1600, "N": 1, "dropout": 0.4, "aae_width": 600, "aae_depth": 1, "aae_activation": "tanh", "lr": 0.01, "beta": 0.1}, {"epoch": 200, "batch_size": 500, "optimizer": "radam", "max_temperature": 5.0, "min_temperature": 0.7, "test_gumbel": false}]
[0.0019167022043291126, {"M": 400, "N": 1, "dropout": 0.4, "aae_width": 600, "aae_depth": 1, "aae_activation": "tanh", "lr": 0.01, "beta": -0.1}, {"epoch": 200, "batch_size": 500, "optimizer": "radam", "max_temperature": 5.0, "min_temperature": 0.7, "test_gumbel": false}]
[0.0035425683949142695, {"M": 400, "N": 1, "dropout": 0.4, "aae_width": 600, "aae_depth": 1, "aae_activation": "relu", "lr": 0.01, "beta": -0.1}, {"epoch": 200, "batch_size": 500, "optimizer": "radam", "max_temperature": 5.0, "min_temperature": 0.7, "test_gumbel": false}]
[0.031128638237714768, {"M": 400, "N": 1, "dropout": 0.4, "aae_width": 300, "aae_depth": 1, "aae_activation": "tanh", "lr": 0.001, "beta": 0.1}, {"epoch": 200, "batch_size": 500, "optimizer": "radam", "max_temperature": 5.0, "min_temperature": 0.7, "test_gumbel": false}]
[0.0019237304106354714, {"M": 1600, "N": 1, "dropout": 0.4, "aae_width": 600, "aae_depth": 1, "aae_activation": "tanh", "lr": 0.01, "beta": -0.1}, {"epoch": 200, "batch_size": 500, "optimizer": "radam", "max_temperature": 5.0, "min_temperature": 0.7, "test_gumbel": false}]
[1.0157671681554348e-07, {"M": 1600, "N": 1, "dropout": 0.4, "aae_width": 600, "aae_depth": 1, "aae_activation": "tanh", "lr": 0.01, "beta": -0.1}, {"epoch": 200, "batch_size": 500, "optimizer": "radam", "max_temperature": 5.0, "min_temperature": 0.7, "test_gumbel": false}]
[0.0028943305651978335, {"M": 400, "N": 1, "dropout": 0.4, "aae_width": 600, "aae_depth": 1, "aae_activation": "tanh", "lr": 0.01, "beta": -0.1}, {"epoch": 200, "batch_size": 500, "optimizer": "radam", "max_temperature": 5.0, "min_temperature": 0.7, "test_gumbel": false}]
[0.006727531272917986, {"M": 400, "N": 1, "dropout": 0.4, "aae_width": 600, "aae_depth": 1, "aae_activation": "relu", "lr": 0.01, "beta": -0.1}, {"epoch": 200, "batch_size": 500, "optimizer": "radam", "max_temperature": 5.0, "min_temperature": 0.7, "test_gumbel": false}]
[0.00031894922840933757, {"M": 1600, "N": 1, "dropout": 0.4, "aae_width": 600, "aae_depth": 1, "aae_activation": "tanh", "lr": 0.01, "beta": 0.1}, {"epoch": 200, "batch_size": 500, "optimizer": "radam", "max_temperature": 5.0, "min_temperature": 0.7, "test_gumbel": false}]
[0.0006413111192557607, {"M": 1600, "N": 1, "dropout": 0.4, "aae_width": 600, "aae_depth": 1, "aae_activation": "tanh", "lr": 0.01, "beta": -0.1}, {"epoch": 200, "batch_size": 500, "optimizer": "radam", "max_temperature": 5.0, "min_temperature": 0.7, "test_gumbel": false}]
[0.007687588222324848, {"M": 400, "N": 1, "dropout": 0.4, "aae_width": 600, "aae_depth": 1, "aae_activation": "relu", "lr": 0.01, "beta": -0.1}, {"epoch": 200, "batch_size": 500, "optimizer": "radam", "max_temperature": 5.0, "min_temperature": 0.7, "test_gumbel": false}]
[0.014439616724848748, {"M": 400, "N": 1, "dropout": 0.4, "aae_width": 600, "aae_depth": 1, "aae_activation": "relu", "lr": 0.01, "beta": -0.1}, {"epoch": 200, "batch_size": 500, "optimizer": "radam", "max_temperature": 5.0, "min_temperature": 0.7, "test_gumbel": false}]
[0.18256912529468536, {"M": 1600, "N": 1, "dropout": 0.4, "aae_width": 600, "aae_depth": 0, "aae_activation": "tanh", "lr": 0.01, "beta": 0.1}, {"epoch": 200, "batch_size": 500, "optimizer": "radam", "max_temperature": 5.0, "min_temperature": 0.7, "test_gumbel": false}]
[0.04813650846481323, {"M": 400, "N": 1, "dropout": 0.4, "aae_width": 600, "aae_depth": 2, "aae_activation": "tanh", "lr": 0.001, "beta": -0.1}, {"epoch": 200, "batch_size": 500, "optimizer": "radam", "max_temperature": 5.0, "min_temperature": 0.7, "test_gumbel": false}]
[0.0012860350653852493, {"M": 1600, "N": 1, "dropout": 0.4, "aae_width": 600, "aae_depth": 1, "aae_activation": "tanh", "lr": 0.01, "beta": -0.1}, {"epoch": 200, "batch_size": 500, "optimizer": "radam", "max_temperature": 5.0, "min_temperature": 0.7, "test_gumbel": false}]
[0.0012895489539403115, {"M": 1600, "N": 1, "dropout": 0.4, "aae_width": 600, "aae_depth": 1, "aae_activation": "tanh", "lr": 0.01, "beta": -0.1}, {"epoch": 200, "batch_size": 500, "optimizer": "radam", "max_temperature": 5.0, "min_temperature": 0.7, "test_gumbel": false}]
[1.0157671681554348e-07, {"M": 1600, "N": 1, "dropout": 0.4, "aae_width": 600, "aae_depth": 1, "aae_activation": "tanh", "lr": 0.01, "beta": -0.1}, {"epoch": 200, "batch_size": 500, "optimizer": "radam", "max_temperature": 5.0, "min_temperature": 0.7, "test_gumbel": false}]
[0.04427167773246765, {"M": 1600, "N": 1, "dropout": 0.4, "aae_width": 600, "aae_depth": 2, "aae_activation": "relu", "lr": 0.001, "beta": 0.1}, {"epoch": 200, "batch_size": 500, "optimizer": "radam", "max_temperature": 5.0, "min_temperature": 0.7, "test_gumbel": false}]
[0.0025719683346721923, {"M": 1600, "N": 1, "dropout": 0.4, "aae_width": 600, "aae_depth": 1, "aae_activation": "tanh", "lr": 0.01, "beta": -0.1}, {"epoch": 200, "batch_size": 500, "optimizer": "radam", "max_temperature": 5.0, "min_temperature": 0.7, "test_gumbel": false}]
[0.015406702272593975, {"M": 400, "N": 1, "dropout": 0.4, "aae_width": 600, "aae_depth": 1, "aae_activation": "tanh", "lr": 0.001, "beta": 0.1}, {"epoch": 200, "batch_size": 500, "optimizer": "radam", "max_temperature": 5.0, "min_temperature": 0.7, "test_gumbel": false}]
[1.0157671681554348e-07, {"M": 1600, "N": 1, "dropout": 0.4, "aae_width": 600, "aae_depth": 1, "aae_activation": "tanh", "lr": 0.01, "beta": -0.1}, {"epoch": 200, "batch_size": 500, "optimizer": "radam", "max_temperature": 5.0, "min_temperature": 0.7, "test_gumbel": false}]
[0.05095693692564964, {"M": 200, "N": 1, "dropout": 0.4, "aae_width": 600, "aae_depth": 1, "aae_activation": "tanh", "lr": 0.01, "beta": -0.1}, {"epoch": 200, "batch_size": 500, "optimizer": "radam", "max_temperature": 5.0, "min_temperature": 0.7, "test_gumbel": false}]
[1.0157671681554348e-07, {"M": 1600, "N": 1, "dropout": 0.4, "aae_width": 100, "aae_depth": 1, "aae_activation": "tanh", "lr": 0.01, "beta": -0.1}, {"epoch": 200, "batch_size": 500, "optimizer": "radam", "max_temperature": 5.0, "min_temperature": 0.7, "test_gumbel": false}]
[0.0025684542217675244, {"M": 800, "N": 1, "dropout": 0.4, "aae_width": 600, "aae_depth": 1, "aae_activation": "tanh", "lr": 0.01, "beta": -0.1}, {"epoch": 200, "batch_size": 500, "optimizer": "radam", "max_temperature": 5.0, "min_temperature": 0.7, "test_gumbel": false}]
[1.0157671681554348e-07, {"M": 1600, "N": 1, "dropout": 0.4, "aae_width": 100, "aae_depth": 1, "aae_activation": "tanh", "lr": 0.01, "beta": -0.1}, {"epoch": 200, "batch_size": 500, "optimizer": "radam", "max_temperature": 5.0, "min_temperature": 0.7, "test_gumbel": false}]
[0.003850873652845621, {"M": 1600, "N": 1, "dropout": 0.4, "aae_width": 600, "aae_depth": 1, "aae_activation": "tanh", "lr": 0.001, "beta": -0.1}, {"epoch": 200, "batch_size": 500, "optimizer": "radam", "max_temperature": 5.0, "min_temperature": 0.7, "test_gumbel": false}]
[0.00031894925169240196, {"M": 1600, "N": 1, "dropout": 0.4, "aae_width": 600, "aae_depth": 1, "aae_activation": "tanh", "lr": 0.01, "beta": 0.3}, {"epoch": 200, "batch_size": 500, "optimizer": "radam", "max_temperature": 5.0, "min_temperature": 0.7, "test_gumbel": false}]
[0.09970643371343613, {"M": 100, "N": 1, "dropout": 0.4, "aae_width": 600, "aae_depth": 1, "aae_activation": "tanh", "lr": 0.01, "beta": -0.1}, {"epoch": 200, "batch_size": 500, "optimizer": "radam", "max_temperature": 5.0, "min_temperature": 0.7, "test_gumbel": false}]
[1.0157671681554348e-07, {"M": 1600, "N": 1, "dropout": 0.4, "aae_width": 100, "aae_depth": 1, "aae_activation": "tanh", "lr": 0.01, "beta": -0.1}, {"epoch": 200, "batch_size": 500, "optimizer": "radam", "max_temperature": 5.0, "min_temperature": 0.7, "test_gumbel": false}]
[1.0157671681554348e-07, {"M": 1600, "N": 1, "dropout": 0.4, "aae_width": 600, "aae_depth": 1, "aae_activation": "tanh", "lr": 0.01, "beta": 0.0}, {"epoch": 200, "batch_size": 500, "optimizer": "radam", "max_temperature": 5.0, "min_temperature": 0.7, "test_gumbel": false}]
[1.0157671681554348e-07, {"M": 1600, "N": 1, "dropout": 0.4, "aae_width": 600, "aae_depth": 1, "aae_activation": "tanh", "lr": 0.01, "beta": 0.0}, {"epoch": 200, "batch_size": 500, "optimizer": "radam", "max_temperature": 5.0, "min_temperature": 0.7, "test_gumbel": false}]
[1.0157671681554348e-07, {"M": 400, "N": 1, "dropout": 0.4, "aae_width": 100, "aae_depth": 1, "aae_activation": "tanh", "lr": 0.01, "beta": -0.1}, {"epoch": 200, "batch_size": 500, "optimizer": "radam", "max_temperature": 5.0, "min_temperature": 0.7, "test_gumbel": false}]
[1.0157671681554348e-07, {"M": 1600, "N": 1, "dropout": 0.4, "aae_width": 600, "aae_depth": 1, "aae_activation": "tanh", "lr": 0.01, "beta": 0.3}, {"epoch": 200, "batch_size": 500, "optimizer": "radam", "max_temperature": 5.0, "min_temperature": 0.7, "test_gumbel": false}]
[1.0157671681554348e-07, {"M": 1600, "N": 1, "dropout": 0.4, "aae_width": 100, "aae_depth": 1, "aae_activation": "tanh", "lr": 0.01, "beta": 0.1}, {"epoch": 200, "batch_size": 500, "optimizer": "radam", "max_temperature": 5.0, "min_temperature": 0.7, "test_gumbel": false}]
[1.0157671681554348e-07, {"M": 1600, "N": 1, "dropout": 0.4, "aae_width": 100, "aae_depth": 1, "aae_activation": "tanh", "lr": 0.01, "beta": 0.3}, {"epoch": 200, "batch_size": 500, "optimizer": "radam", "max_temperature": 5.0, "min_temperature": 0.7, "test_gumbel": false}]
[0.18638122975826263, {"M": 1600, "N": 1, "dropout": 0.4, "aae_width": 100, "aae_depth": 0, "aae_activation": "tanh", "lr": 0.01, "beta": -0.1}, {"epoch": 200, "batch_size": 500, "optimizer": "radam", "max_temperature": 5.0, "min_temperature": 0.7, "test_gumbel": false}]
[0.009621760062873363, {"M": 1600, "N": 1, "dropout": 0.4, "aae_width": 600, "aae_depth": 2, "aae_activation": "tanh", "lr": 0.01, "beta": -0.1}, {"epoch": 200, "batch_size": 500, "optimizer": "radam", "max_temperature": 5.0, "min_temperature": 0.7, "test_gumbel": false}]
[1.0157671681554348e-07, {"M": 1600, "N": 1, "dropout": 0.4, "aae_width": 100, "aae_depth": 1, "aae_activation": "tanh", "lr": 0.01, "beta": 0.3}, {"epoch": 200, "batch_size": 500, "optimizer": "radam", "max_temperature": 5.0, "min_temperature": 0.7, "test_gumbel": false}]
[0.20931461751461028, {"M": 1600, "N": 1, "dropout": 0.4, "aae_width": 600, "aae_depth": 1, "aae_activation": "tanh", "lr": 0.1, "beta": -0.1}, {"epoch": 200, "batch_size": 500, "optimizer": "radam", "max_temperature": 5.0, "min_temperature": 0.7, "test_gumbel": false}]
[1.0157671681554348e-07, {"M": 1600, "N": 1, "dropout": 0.4, "aae_width": 100, "aae_depth": 1, "aae_activation": "tanh", "lr": 0.01, "beta": 0.0}, {"epoch": 200, "batch_size": 500, "optimizer": "radam", "max_temperature": 5.0, "min_temperature": 0.7, "test_gumbel": false}]
[1.0157671681554348e-07, {"M": 1600, "N": 1, "dropout": 0.4, "aae_width": 100, "aae_depth": 1, "aae_activation": "tanh", "lr": 0.01, "beta": 0.0}, {"epoch": 200, "batch_size": 500, "optimizer": "radam", "max_temperature": 5.0, "min_temperature": 0.7, "test_gumbel": false}]
[0.0012825208127821952, {"M": 800, "N": 1, "dropout": 0.4, "aae_width": 600, "aae_depth": 1, "aae_activation": "tanh", "lr": 0.01, "beta": -0.1}, {"epoch": 200, "batch_size": 500, "optimizer": "radam", "max_temperature": 5.0, "min_temperature": 0.7, "test_gumbel": false}]
[0.0073792836628854275, {"M": 1600, "N": 1, "dropout": 0.4, "aae_width": 600, "aae_depth": 1, "aae_activation": "tanh", "lr": 0.001, "beta": -0.1}, {"epoch": 200, "batch_size": 500, "optimizer": "radam", "max_temperature": 5.0, "min_temperature": 0.7, "test_gumbel": false}]
[0.001923730270937085, {"M": 1600, "N": 1, "dropout": 0.4, "aae_width": 600, "aae_depth": 1, "aae_activation": "tanh", "lr": 0.01, "beta": -0.3}, {"epoch": 200, "batch_size": 500, "optimizer": "radam", "max_temperature": 5.0, "min_temperature": 0.7, "test_gumbel": false}]
[1.0157671681554348e-07, {"M": 1600, "N": 1, "dropout": 0.4, "aae_width": 100, "aae_depth": 1, "aae_activation": "tanh", "lr": 0.01, "beta": 0.0}, {"epoch": 200, "batch_size": 500, "optimizer": "radam", "max_temperature": 5.0, "min_temperature": 0.7, "test_gumbel": false}]
[0.010262969508767128, {"M": 1600, "N": 1, "dropout": 0.4, "aae_width": 600, "aae_depth": 2, "aae_activation": "tanh", "lr": 0.01, "beta": -0.1}, {"epoch": 200, "batch_size": 500, "optimizer": "radam", "max_temperature": 5.0, "min_temperature": 0.7, "test_gumbel": false}]
[0.005452140374109149, {"M": 1600, "N": 1, "dropout": 0.4, "aae_width": 600, "aae_depth": 2, "aae_activation": "tanh", "lr": 0.01, "beta": -0.1}, {"epoch": 200, "batch_size": 500, "optimizer": "radam", "max_temperature": 5.0, "min_temperature": 0.7, "test_gumbel": false}]
[0.009593646600842476, {"M": 1600, "N": 1, "dropout": 0.4, "aae_width": 600, "aae_depth": 2, "aae_activation": "tanh", "lr": 0.01, "beta": -0.1}, {"epoch": 200, "batch_size": 500, "optimizer": "radam", "max_temperature": 5.0, "min_temperature": 0.7, "test_gumbel": false}]
[0.0032096638725079172, {"M": 1600, "N": 1, "dropout": 0.4, "aae_width": 600, "aae_depth": 2, "aae_activation": "tanh", "lr": 0.01, "beta": -0.1}, {"epoch": 200, "batch_size": 500, "optimizer": "radam", "max_temperature": 5.0, "min_temperature": 0.7, "test_gumbel": false}]
[0.1944447547197342, {"M": 1600, "N": 1, "dropout": 0.4, "aae_width": 600, "aae_depth": 1, "aae_activation": "tanh", "lr": 0.1, "beta": -0.1}, {"epoch": 200, "batch_size": 500, "optimizer": "radam", "max_temperature": 5.0, "min_temperature": 0.7, "test_gumbel": false}]
[0.003854387626051903, {"M": 1600, "N": 1, "dropout": 0.4, "aae_width": 600, "aae_depth": 1, "aae_activation": "tanh", "lr": 0.001, "beta": -0.1}, {"epoch": 200, "batch_size": 500, "optimizer": "radam", "max_temperature": 5.0, "min_temperature": 0.7, "test_gumbel": false}]
[0.006086321733891964, {"M": 1600, "N": 1, "dropout": 0.4, "aae_width": 600, "aae_depth": 2, "aae_activation": "tanh", "lr": 0.01, "beta": -0.1}, {"epoch": 200, "batch_size": 500, "optimizer": "radam", "max_temperature": 5.0, "min_temperature": 0.7, "test_gumbel": false}]
